<?xml version="1.0" encoding="UTF-8"?>
<coverage generated="1763461067114" clover="3.2.0">
  <project timestamp="1763461067114" name="All files">
    <metrics statements="8" coveredstatements="8" conditionals="0" coveredconditionals="0" methods="4" coveredmethods="4" elements="12" coveredelements="12" complexity="0" loc="8" ncloc="8" packages="1" files="1" classes="1"/>
    <file name="Counters.jsx" path="/home/rst/Nitesh/Projects/EduReact/Frontend/src/components/Counters.jsx">
      <metrics statements="8" coveredstatements="8" conditionals="0" coveredconditionals="0" methods="4" coveredmethods="4"/>
      <line num="4" count="1" type="stmt"/>
      <line num="6" count="5" type="stmt"/>
      <line num="9" count="5" type="stmt"/>
      <line num="10" count="1" type="stmt"/>
      <line num="11" count="1" type="stmt"/>
      <line num="15" count="5" type="stmt"/>
      <line num="16" count="1" type="stmt"/>
      <line num="20" count="5" type="stmt"/>
    </file>
  </project>
</coverage>
